<?xml version="1.0" encoding="UTF-8"?>
<!-- Generated by org.testng.reporters.JUnitXMLReporter -->
<testsuite ignored="2" hostname="Karthicks-MacBook-Pro.local" failures="1" tests="1" name="falseTest" time="9.379" errors="0" timestamp="2022-04-05T19:55:40 IST">
  <testcase classname="testcases.CustomerTest" name="searchCustomerTitleValidation" time="0.015">
    <failure type="java.lang.AssertionError">
      <![CDATA[java.lang.AssertionError
at org.junit.Assert.fail(Assert.java:87)
at org.junit.Assert.fail(Assert.java:96)
at testcases.CustomerTest.searchCustomerTitleValidation(CustomerTest.java:53)
at java.base/java.util.ArrayList.forEach(ArrayList.java:1511)
... Removed 27 stack frames]]>
    </failure>
  </testcase> <!-- searchCustomerTitleValidation -->
  <testcase classname="testcases.CustomerTest" name="searchCustomerByemail" time="0.0">
    <ignored/>
  </testcase> <!-- searchCustomerByemail -->
  <testcase classname="testcases.CustomerTest" name="searchCustomerByName" time="0.0">
    <ignored/>
  </testcase> <!-- searchCustomerByName -->
</testsuite> <!-- falseTest -->
