<?xml version="1.0" encoding="UTF-8"?>
<testng-results ignored="6" total="9" passed="2" failed="1" skipped="0">
  <reporter-output>
  </reporter-output>
  <suite started-at="2022-04-05T19:54:44 IST" name="Suite" finished-at="2022-04-05T19:55:40 IST" duration-ms="55717">
    <groups>
    </groups>
    <test started-at="2022-04-05T19:54:44 IST" name="Test" finished-at="2022-04-05T19:55:10 IST" duration-ms="25755">
      <class name="testcases.CustomerTest">
        <test-method is-config="true" signature="suiteInitializer(java.lang.String)[pri:0, instance:testcases.CustomerTest@306e95ec]" started-at="2022-04-05T19:54:44 IST" name="suiteInitializer" finished-at="2022-04-05T19:54:58 IST" duration-ms="14355" status="PASS">
          <params>
            <param index="0">
              <value>
                <![CDATA[SearchByCustomerName]]>
              </value>
            </param>
          </params>
          <reporter-output>
          </reporter-output>
        </test-method> <!-- suiteInitializer -->
        <test-method signature="searchCustomerByName()[pri:0, instance:testcases.CustomerTest@306e95ec]" started-at="2022-04-05T19:54:58 IST" name="searchCustomerByName" finished-at="2022-04-05T19:55:09 IST" duration-ms="10828" status="PASS">
          <reporter-output>
          </reporter-output>
        </test-method> <!-- searchCustomerByName -->
        <test-method is-config="true" signature="testCloserIT(org.testng.ITestResult)[pri:0, instance:testcases.CustomerTest@306e95ec]" started-at="2022-04-05T19:55:09 IST" name="testCloserIT" finished-at="2022-04-05T19:55:10 IST" duration-ms="528" status="PASS">
          <params>
            <param index="0">
              <value>
                <![CDATA[[TestResult name=searchCustomerByName status=SUCCESS method=CustomerTest.searchCustomerByName()[pri:0, instance:testcases.CustomerTest@306e95ec] output={null}]]]>
              </value>
            </param>
          </params>
          <reporter-output>
          </reporter-output>
        </test-method> <!-- testCloserIT -->
      </class> <!-- testcases.CustomerTest -->
    </test> <!-- Test -->
    <test started-at="2022-04-05T19:55:10 IST" name="emailTest" finished-at="2022-04-05T19:55:30 IST" duration-ms="20236">
      <class name="testcases.CustomerTest">
        <test-method is-config="true" signature="suiteInitializer(java.lang.String)[pri:0, instance:testcases.CustomerTest@27f981c6]" started-at="2022-04-05T19:55:10 IST" name="suiteInitializer" finished-at="2022-04-05T19:55:19 IST" duration-ms="8722" status="PASS">
          <params>
            <param index="0">
              <value>
                <![CDATA[SearchByEmailId]]>
              </value>
            </param>
          </params>
          <reporter-output>
          </reporter-output>
        </test-method> <!-- suiteInitializer -->
        <test-method signature="searchCustomerByemail()[pri:0, instance:testcases.CustomerTest@27f981c6]" started-at="2022-04-05T19:55:19 IST" name="searchCustomerByemail" finished-at="2022-04-05T19:55:30 IST" duration-ms="11171" status="PASS">
          <reporter-output>
          </reporter-output>
        </test-method> <!-- searchCustomerByemail -->
        <test-method is-config="true" signature="testCloserIT(org.testng.ITestResult)[pri:0, instance:testcases.CustomerTest@27f981c6]" started-at="2022-04-05T19:55:30 IST" name="testCloserIT" finished-at="2022-04-05T19:55:30 IST" duration-ms="332" status="PASS">
          <params>
            <param index="0">
              <value>
                <![CDATA[[TestResult name=searchCustomerByemail status=SUCCESS method=CustomerTest.searchCustomerByemail()[pri:0, instance:testcases.CustomerTest@27f981c6] output={null}]]]>
              </value>
            </param>
          </params>
          <reporter-output>
          </reporter-output>
        </test-method> <!-- testCloserIT -->
      </class> <!-- testcases.CustomerTest -->
    </test> <!-- emailTest -->
    <test started-at="2022-04-05T19:55:30 IST" name="falseTest" finished-at="2022-04-05T19:55:40 IST" duration-ms="9379">
      <class name="testcases.CustomerTest">
        <test-method is-config="true" signature="testInitializer()[pri:0, instance:testcases.CustomerTest@4c1909a3]" started-at="2022-04-05T19:54:44 IST" name="testInitializer" finished-at="2022-04-05T19:54:44 IST" duration-ms="230" status="PASS">
          <reporter-output>
          </reporter-output>
        </test-method> <!-- testInitializer -->
        <test-method is-config="true" signature="suiteInitializer(java.lang.String)[pri:0, instance:testcases.CustomerTest@4c1909a3]" started-at="2022-04-05T19:55:30 IST" name="suiteInitializer" finished-at="2022-04-05T19:55:39 IST" duration-ms="8758" status="PASS">
          <params>
            <param index="0">
              <value>
                <![CDATA[FalsetitleValidation]]>
              </value>
            </param>
          </params>
          <reporter-output>
          </reporter-output>
        </test-method> <!-- suiteInitializer -->
        <test-method signature="searchCustomerTitleValidation()[pri:0, instance:testcases.CustomerTest@4c1909a3]" started-at="2022-04-05T19:55:39 IST" name="searchCustomerTitleValidation" finished-at="2022-04-05T19:55:39 IST" duration-ms="15" status="FAIL">
          <exception class="java.lang.AssertionError">
            <full-stacktrace>
              <![CDATA[java.lang.AssertionError
at org.junit.Assert.fail(Assert.java:87)
at org.junit.Assert.fail(Assert.java:96)
at testcases.CustomerTest.searchCustomerTitleValidation(CustomerTest.java:53)
at java.base/jdk.internal.reflect.NativeMethodAccessorImpl.invoke0(Native Method)
at java.base/jdk.internal.reflect.NativeMethodAccessorImpl.invoke(NativeMethodAccessorImpl.java:78)
at java.base/jdk.internal.reflect.DelegatingMethodAccessorImpl.invoke(DelegatingMethodAccessorImpl.java:43)
at java.base/java.lang.reflect.Method.invoke(Method.java:567)
at org.testng.internal.MethodInvocationHelper.invokeMethod(MethodInvocationHelper.java:133)
at org.testng.internal.TestInvoker.invokeMethod(TestInvoker.java:598)
at org.testng.internal.TestInvoker.invokeTestMethod(TestInvoker.java:173)
at org.testng.internal.MethodRunner.runInSequence(MethodRunner.java:46)
at org.testng.internal.TestInvoker$MethodInvocationAgent.invoke(TestInvoker.java:824)
at org.testng.internal.TestInvoker.invokeTestMethods(TestInvoker.java:146)
at org.testng.internal.TestMethodWorker.invokeTestMethods(TestMethodWorker.java:146)
at org.testng.internal.TestMethodWorker.run(TestMethodWorker.java:128)
at java.base/java.util.ArrayList.forEach(ArrayList.java:1511)
at org.testng.TestRunner.privateRun(TestRunner.java:794)
at org.testng.TestRunner.run(TestRunner.java:596)
at org.testng.SuiteRunner.runTest(SuiteRunner.java:377)
at org.testng.SuiteRunner.runSequentially(SuiteRunner.java:371)
at org.testng.SuiteRunner.privateRun(SuiteRunner.java:332)
at org.testng.SuiteRunner.run(SuiteRunner.java:276)
at org.testng.SuiteRunnerWorker.runSuite(SuiteRunnerWorker.java:53)
at org.testng.SuiteRunnerWorker.run(SuiteRunnerWorker.java:96)
at org.testng.TestNG.runSuitesSequentially(TestNG.java:1212)
at org.testng.TestNG.runSuitesLocally(TestNG.java:1134)
at org.testng.TestNG.runSuites(TestNG.java:1063)
at org.testng.TestNG.run(TestNG.java:1031)
at org.testng.remote.AbstractRemoteTestNG.run(AbstractRemoteTestNG.java:115)
at org.testng.remote.RemoteTestNG.initAndRun(RemoteTestNG.java:251)
at org.testng.remote.RemoteTestNG.main(RemoteTestNG.java:77)
]]>
            </full-stacktrace>
          </exception> <!-- java.lang.AssertionError -->
          <reporter-output>
          </reporter-output>
        </test-method> <!-- searchCustomerTitleValidation -->
        <test-method is-config="true" signature="testCloserIT(org.testng.ITestResult)[pri:0, instance:testcases.CustomerTest@4c1909a3]" started-at="2022-04-05T19:55:39 IST" name="testCloserIT" finished-at="2022-04-05T19:55:40 IST" duration-ms="600" status="PASS">
          <params>
            <param index="0">
              <value>
                <![CDATA[[TestResult name=searchCustomerTitleValidation status=FAILURE method=CustomerTest.searchCustomerTitleValidation()[pri:0, instance:testcases.CustomerTest@4c1909a3] output={null}]]]>
              </value>
            </param>
          </params>
          <reporter-output>
          </reporter-output>
        </test-method> <!-- testCloserIT -->
        <test-method is-config="true" signature="suiteCloser()[pri:0, instance:testcases.CustomerTest@4c1909a3]" started-at="2022-04-05T19:55:40 IST" name="suiteCloser" finished-at="2022-04-05T19:55:40 IST" duration-ms="61" status="PASS">
          <reporter-output>
          </reporter-output>
        </test-method> <!-- suiteCloser -->
      </class> <!-- testcases.CustomerTest -->
    </test> <!-- falseTest -->
  </suite> <!-- Suite -->
</testng-results>
